2018-06-03 23:42:54.853774: I tensorflow/core/platform/cpu_feature_guard.cc:140] Your CPU supports instructions that this TensorFlow binary was not compiled to use: AVX2 FMA
2018-06-03 23:42:54.952099: I tensorflow/stream_executor/cuda/cuda_gpu_executor.cc:898] successful NUMA node read from SysFS had negative value (-1), but there must be at least one NUMA node, so returning NUMA node zero
2018-06-03 23:42:54.952511: I tensorflow/core/common_runtime/gpu/gpu_device.cc:1356] Found device 0 with properties: 
name: Tesla K80 major: 3 minor: 7 memoryClockRate(GHz): 0.8235
pciBusID: 0000:00:04.0
totalMemory: 11.17GiB freeMemory: 11.09GiB
2018-06-03 23:42:54.952535: I tensorflow/core/common_runtime/gpu/gpu_device.cc:1435] Adding visible gpu devices: 0
2018-06-03 23:42:55.239646: I tensorflow/core/common_runtime/gpu/gpu_device.cc:923] Device interconnect StreamExecutor with strength 1 edge matrix:
2018-06-03 23:42:55.239706: I tensorflow/core/common_runtime/gpu/gpu_device.cc:929]      0 
2018-06-03 23:42:55.239715: I tensorflow/core/common_runtime/gpu/gpu_device.cc:942] 0:   N 
2018-06-03 23:42:55.239997: I tensorflow/core/common_runtime/gpu/gpu_device.cc:1053] Created TensorFlow device (/job:localhost/replica:0/task:0/device:GPU:0 with 10748 MB memory) -> physical GPU (device: 0, name: Tesla K80, pci bus id: 0000:00:04.0, compute capability: 3.7)
to run
filename 7719
/home/DZhao/.local/lib/python2.7/site-packages/skimage/transform/_warps.py:105: UserWarning: The default mode, 'constant', will be changed to 'reflect' in skimage 0.15.
  warn("The default mode, 'constant', will be changed to 'reflect' in "
/home/DZhao/.local/lib/python2.7/site-packages/skimage/transform/_warps.py:110: UserWarning: Anti-aliasing will be enabled by default in skimage 0.15 to avoid aliasing artifacts when down-sampling images.
  warn("Anti-aliasing will be enabled by default in skimage 0.15 to "
filename 7720
filename 7721
filename 7722
filename 7723
filename 7724
filename 7725
filename 7726
filename 7727
filename 7728
filename 7729
filename 7730
filename 7731
filename 7732
filename 7733
filename 7734
filename 7735
filename 7736
filename 7737
filename 7738
filename 7739
filename 7740
filename 7741
filename 7742
filename 7743
filename 7744
filename 7745
filename 7746
filename 7747
filename 7748
filename 7749
filename 7750
filename 7751
filename 7752
filename 7753
filename 7754
filename 7755
filename 7756
filename 7757
filename 7758
filename 7759
filename 7760
filename 7761
filename 7762
filename 7763
filename 7764
filename 7765
filename 7766
filename 7767
filename 7768
filename 7769
filename 7770
filename 7771
filename 7772
filename 7773
filename 7774
filename 7775
filename 7776
filename 7777
filename 7778
filename 7779
filename 7780
filename 7781
filename 7782
filename 7783
filename 7784
filename 7785
filename 7786
filename 7787
filename 7788
filename 7789
filename 7790
filename 7791
filename 7792
filename 7793
filename 7794
filename 7795
filename 7796
filename 7797
filename 7798
filename 7799
filename 7800
filename 7801
filename 7802
filename 7803
filename 7804
filename 7805
filename 7806
filename 7807
filename 7808
filename 7809
filename 7810
filename 7811
filename 7812
filename 7813
filename 7814
filename 7815
filename 7816
filename 7817
filename 7818
filename 7819
filename 7820
filename 7821
filename 7822
filename 7823
filename 7824
filename 7825
filename 7826
filename 7827
filename 7828
filename 7829
filename 7830
filename 7831
filename 7832
filename 7833
filename 7834
filename 7835
filename 7836
filename 7837
filename 7838
filename 7839
filename 7840
filename 7841
filename 7842
filename 7843
filename 7844
filename 7845
filename 7846
filename 7847
filename 7848
filename 7849
filename 7850
filename 7851
filename 7852
filename 7853
filename 7854
filename 7855
filename 7856
filename 7857
filename 7858
filename 7859
filename 7860
filename 7861
filename 7862
filename 7863
filename 7864
filename 7865
filename 7866
filename 7867
filename 7868
filename 7869
filename 7870
filename 7871
filename 7872
filename 7873
filename 7874
filename 7875
filename 7876
filename 7877
filename 7878
filename 7879
filename 7880
filename 7881
filename 7882
filename 7883
filename 7884
filename 7885
filename 7886
filename 7887
filename 7888
filename 7889
filename 7890
filename 7891
filename 7892
filename 7893
filename 7894
filename 7895
filename 7896
filename 7897
filename 7898
filename 7899
filename 7900
filename 7901
filename 7902
filename 7903
filename 7904
filename 7905
filename 7906
filename 7907
filename 7908
filename 7909
filename 7910
filename 7911
filename 7912
filename 7913
filename 7914
filename 7915
filename 7916
filename 7917
filename 7918
filename 7919
filename 7920
filename 7921
filename 7922
filename 7923
filename 7924
filename 7925
filename 7926
filename 7927
filename 7928
filename 7929
filename 7930
filename 7931
filename 7932
filename 7933
filename 7934
filename 7935
filename 7936
filename 7937
filename 7938
filename 7939
filename 7940
filename 7941
filename 7942
filename 7943
filename 7944
filename 7945
filename 7946
filename 7947
filename 7948
filename 7949
filename 7950
filename 7951
filename 7952
filename 7953
filename 7954
filename 7955
filename 7956
filename 7957
filename 7958
filename 7959
filename 7960
filename 7961
filename 7962
filename 7963
filename 7964
filename 7965
filename 7966
filename 7967
filename 7968
filename 7969
filename 7970
filename 7971
filename 7972
filename 7973
filename 7974
filename 7975
filename 7976
filename 7977
filename 7978
filename 7979
filename 7980
filename 7981
filename 7982
filename 7983
filename 7984
filename 7985
filename 7986
filename 7987
filename 7988
filename 7989
filename 7990
filename 7991
filename 7992
filename 7993
filename 7994
filename 7995
filename 7996
filename 7997
filename 7998
filename 7999
filename 8000
filename 8001
filename 8002
filename 8003
filename 8004
filename 8005
filename 8006
filename 8007
filename 8008
filename 8009
filename 8010
filename 8011
filename 8012
filename 8013
filename 8014
filename 8015
filename 8016
filename 8017
filename 8018
filename 8019
filename 8020
filename 8021
filename 8022
filename 8023
filename 8024
filename 8025
filename 8026
filename 8027
filename 8028
filename 8029
filename 8030
filename 8031
filename 8032
filename 8033
filename 8034
filename 8035
filename 8036
filename 8037
filename 8038
filename 8039
filename 8040
filename 8041
filename 8042
filename 8043
filename 8044
filename 8045
filename 8046
filename 8047
filename 8048
filename 8049
filename 8050
filename 8051
filename 8052
filename 8053
filename 8054
filename 8055
filename 8056
filename 8057
filename 8058
filename 8059
filename 8060
filename 8061
filename 8062
filename 8063
filename 8064
filename 8065
filename 8066
filename 8067
filename 8068
filename 8069
filename 8070
filename 8071
filename 8072
filename 8073
filename 8074
filename 8075
filename 8076
filename 8077
filename 8078
filename 8079
filename 8080
filename 8081
filename 8082
filename 8083
filename 8084
filename 8085
filename 8086
filename 8087
filename 8088
filename 8089
filename 8090
filename 8091
filename 8092
filename 8093
filename 8094
filename 8095
filename 8096
filename 8097
filename 8098
filename 8099
filename 8100
filename 8101
filename 8102
filename 8103
filename 8104
filename 8105
filename 8106
filename 8107
filename 8108
filename 8109
filename 8110
filename 8111
filename 8112
filename 8113
filename 8114
filename 8115
filename 8116
filename 8117
filename 8118
filename 8119
filename 8120
filename 8121
filename 8122
filename 8123
filename 8124
filename 8125
filename 8126
filename 8127
filename 8128
filename 8129
filename 8130
filename 8131
filename 8132
filename 8133
filename 8134
filename 8135
filename 8136
filename 8137
filename 8138
filename 8139
filename 8140
filename 8141
filename 8142
filename 8143
filename 8144
filename 8145
filename 8146
filename 8147
filename 8148
filename 8149
filename 8150
filename 8151
filename 8152
filename 8153
filename 8154
filename 8155
filename 8156
filename 8157
filename 8158
filename 8159
filename 8160
filename 8161
filename 8162
filename 8163
filename 8164
filename 8165
filename 8166
filename 8167
filename 8168
filename 8169
filename 8170
filename 8171
filename 8172
filename 8173
filename 8174
filename 8175
filename 8176
filename 8177
filename 8178
filename 8179
filename 8180
filename 8181
filename 8182
filename 8183
filename 8184
filename 8185
filename 8186
filename 8187
filename 8188
filename 8189
filename 8190
filename 8191
filename 8192
filename 8193
filename 8194
filename 8195
filename 8196
filename 8197
filename 8198
filename 8199
filename 8200
filename 8201
filename 8202
filename 8203
filename 8204
filename 8205
filename 8206
filename 8207
filename 8208
filename 8209
filename 8210
filename 8211
filename 8212
filename 8213
filename 8214
filename 8215
filename 8216
filename 8217
filename 8218
filename 8219
filename 8220
filename 8221
filename 8222
filename 8223
filename 8224
filename 8225
filename 8226
filename 8227
filename 8228
filename 8229
filename 8230
filename 8231
filename 8232
filename 8233
filename 8234
filename 8235
filename 8236
filename 8237
filename 8238
filename 8239
filename 8240
filename 8241
filename 8242
filename 8243
filename 8244
filename 8245
filename 8246
filename 8247
filename 8248
filename 8249
filename 8250
filename 8251
filename 8252
filename 8253
filename 8254
filename 8255
filename 8256
filename 8257
filename 8258
filename 8259
filename 8260
filename 8261
filename 8262
filename 8263
filename 8264
filename 8265
filename 8266
filename 8267
filename 8268
filename 8269
filename 8270
filename 8271
filename 8272
filename 8273
filename 8274
filename 8275
filename 8276
filename 8277
filename 8278
filename 8279
filename 8280
filename 8281
filename 8282
filename 8283
filename 8284
filename 8285
filename 8286
filename 8287
filename 8288
filename 8289
filename 8290
filename 8291
filename 8292
filename 8293
filename 8294
filename 8295
filename 8296
filename 8297
filename 8298
filename 8299
filename 8300
filename 8301
filename 8302
filename 8303
filename 8304
filename 8305
filename 8306
filename 8307
filename 8308
filename 8309
filename 8310
filename 8311
filename 8312
filename 8313
filename 8314
filename 8315
filename 8316
filename 8317
filename 8318
filename 8319
filename 8320
filename 8321
filename 8322
filename 8323
filename 8324
filename 8325
filename 8326
filename 8327
filename 8328
filename 8329
filename 8330
filename 8331
filename 8332
filename 8333
filename 8334
filename 8335
filename 8336
filename 8337
filename 8338
filename 8339
filename 8340
filename 8341
filename 8342
filename 8343
filename 8344
filename 8345
filename 8346
filename 8347
filename 8348
filename 8349
filename 8350
filename 8351
filename 8352
filename 8353
filename 8354
filename 8355
filename 8356
filename 8357
filename 8358
filename 8359
filename 8360
filename 8361
filename 8362
filename 8363
filename 8364
filename 8365
filename 8366
filename 8367
filename 8368
filename 8369
filename 8370
filename 8371
filename 8372
filename 8373
filename 8374
filename 8375
filename 8376
filename 8377
filename 8378
filename 8379
filename 8380
filename 8381
filename 8382
filename 8383
filename 8384
filename 8385
filename 8386
filename 8387
filename 8388
filename 8389
filename 8390
filename 8391
filename 8392
filename 8393
filename 8394
filename 8395
filename 8396
filename 8397
filename 8398
filename 8399
filename 8400
filename 8401
filename 8402
filename 8403
filename 8404
filename 8405
filename 8406
filename 8407
filename 8408
filename 8409
filename 8410
filename 8411
filename 8412
filename 8413
filename 8414
filename 8415
filename 8416
filename 8417
filename 8418
filename 8419
filename 8420
filename 8421
filename 8422
filename 8423
filename 8424
filename 8425
filename 8426
filename 8427
filename 8428
filename 8429
filename 8430
filename 8431
filename 8432
filename 8433
filename 8434
filename 8435
filename 8436
filename 8437
filename 8438
filename 8439
filename 8440
filename 8441
filename 8442
filename 8443
filename 8444
filename 8445
filename 8446
filename 8447
filename 8448
filename 8449
filename 8450
filename 8451
filename 8452
filename 8453
filename 8454
filename 8455
filename 8456
filename 8457
filename 8458
filename 8459
filename 8460
filename 8461
filename 8462
filename 8463
filename 8464
filename 8465
filename 8466
filename 8467
filename 8468
filename 8469
filename 8470
filename 8471
filename 8472
filename 8473
filename 8474
filename 8475
filename 8476
filename 8477
filename 8478
filename 8479
filename 8480
filename 8481
filename 8482
filename 8483
filename 8484
filename 8485
filename 8486
filename 8487
filename 8488
filename 8489
filename 8490
filename 8491
filename 8492
filename 8493
filename 8494
filename 8495
filename 8496
filename 8497
filename 8498
filename 8499
filename 8500
filename 8501
filename 8502
filename 8503
filename 8504
filename 8505
filename 8506
filename 8507
filename 8508
filename 8509
filename 8510
filename 8511
filename 8512
filename 8513
filename 8514
filename 8515
filename 8516
filename 8517
filename 8518
filename 8519
filename 8520
filename 8521
filename 8522
filename 8523
filename 8524
filename 8525
filename 8526
filename 8527
filename 8528
filename 8529
filename 8530
filename 8531
filename 8532
filename 8533
filename 8534
filename 8535
filename 8536
filename 8537
filename 8538
filename 8539
filename 8540
filename 8541
filename 8542
filename 8543
filename 8544
filename 8545
filename 8546
filename 8547
filename 8548
filename 8549
filename 8550
filename 8551
filename 8552
filename 8553
filename 8554
filename 8555
filename 8556
filename 8557
filename 8558
filename 8559
filename 8560
filename 8561
filename 8562
filename 8563
filename 8564
filename 8565
filename 8566
filename 8567
filename 8568
filename 8569
filename 8570
filename 8571
filename 8572
filename 8573
filename 8574
filename 8575
filename 8576
filename 8577
filename 8578
filename 8579
filename 8580
filename 8581
filename 8582
filename 8583
filename 8584
filename 8585
filename 8586
filename 8587
filename 8588
filename 8589
filename 8590
filename 8591
filename 8592
filename 8593
filename 8594
filename 8595
filename 8596
filename 8597
filename 8598
filename 8599
filename 8600
filename 8601
filename 8602
filename 8603
filename 8604
filename 8605
filename 8606
filename 8607
filename 8608
filename 8609
filename 8610
filename 8611
filename 8612
filename 8613
filename 8614
filename 8615
filename 8616
filename 8617
filename 8618
filename 8619
filename 8620
filename 8621
filename 8622
filename 8623
filename 8624
filename 8625
filename 8626
filename 8627
filename 8628
filename 8629
filename 8630
filename 8631
filename 8632
filename 8633
filename 8634
filename 8635
filename 8636
filename 8637
filename 8638
filename 8639
filename 8640
filename 8641
filename 8642
filename 8643
filename 8644
filename 8645
filename 8646
filename 8647
filename 8648
filename 8649
filename 8650
filename 8651
filename 8652
filename 8653
filename 8654
filename 8655
filename 8656
filename 8657
filename 8658
filename 8659
filename 8660
filename 8661
filename 8662
filename 8663
filename 8664
filename 8665
filename 8666
filename 8667
filename 8668
filename 8669
filename 8670
filename 8671
filename 8672
filename 8673
filename 8674
filename 8675
filename 8676
filename 8677
filename 8678
filename 8679
filename 8680
filename 8681
filename 8682
filename 8683
filename 8684
filename 8685
filename 8686
filename 8687
filename 8688
filename 8689
filename 8690
filename 8691
filename 8692
filename 8693
filename 8694
filename 8695
filename 8696
filename 8697
filename 8698
filename 8699
filename 8700
filename 8701
filename 8702
filename 8703
filename 8704
filename 8705
filename 8706
filename 8707
filename 8708
filename 8709
filename 8710
filename 8711
filename 8712
filename 8713
filename 8714
filename 8715
filename 8716
filename 8717
filename 8718
filename 8719
filename 8720
filename 8721
filename 8722
filename 8723
filename 8724
filename 8725
filename 8726
filename 8727
filename 8728
filename 8729
filename 8730
filename 8731
filename 8732
filename 8733
filename 8734
filename 8735
filename 8736
filename 8737
filename 8738
filename 8739
filename 8740
filename 8741
filename 8742
filename 8743
filename 8744
filename 8745
filename 8746
filename 8747
filename 8748
filename 8749
filename 8750
filename 8751
filename 8752
filename 8753
filename 8754
filename 8755
filename 8756
filename 8757
filename 8758
filename 8759
filename 8760
filename 8761
filename 8762
filename 8763
filename 8764
filename 8765
filename 8766
filename 8767
filename 8768
filename 8769
filename 8770
filename 8771
filename 8772
filename 8773
filename 8774
filename 8775
filename 8776
filename 8777
filename 8778
filename 8779
filename 8780
filename 8781
filename 8782
filename 8783
filename 8784
filename 8785
filename 8786
filename 8787
filename 8788
filename 8789
filename 8790
filename 8791
filename 8792
filename 8793
filename 8794
filename 8795
filename 8796
filename 8797
filename 8798
filename 8799
filename 8800
filename 8801
filename 8802
filename 8803
filename 8804
filename 8805
filename 8806
filename 8807
filename 8808
filename 8809
filename 8810
filename 8811
filename 8812
filename 8813
filename 8814
filename 8815
filename 8816
filename 8817
filename 8818
filename 8819
filename 8820
filename 8821
filename 8822
filename 8823
filename 8824
filename 8825
filename 8826
filename 8827
filename 8828
filename 8829
filename 8830
filename 8831
filename 8832
filename 8833
filename 8834
filename 8835
filename 8836
filename 8837
filename 8838
filename 8839
filename 8840
filename 8841
filename 8842
filename 8843
filename 8844
filename 8845
filename 8846
filename 8847
filename 8848
filename 8849
filename 8850
filename 8851
filename 8852
filename 8853
filename 8854
filename 8855
filename 8856
filename 8857
filename 8858
filename 8859
filename 8860
filename 8861
filename 8862
filename 8863
filename 8864
filename 8865
filename 8866
filename 8867
filename 8868
filename 8869
filename 8870
filename 8871
filename 8872
filename 8873
filename 8874
filename 8875
filename 8876
filename 8877
filename 8878
filename 8879
filename 8880
filename 8881
filename 8882
filename 8883
filename 8884
filename 8885
filename 8886
filename 8887
filename 8888
filename 8889
filename 8890
filename 8891
filename 8892
filename 8893
filename 8894
filename 8895
filename 8896
filename 8897
filename 8898
filename 8899
filename 8900
filename 8901
filename 8902
filename 8903
filename 8904
filename 8905
filename 8906
filename 8907
filename 8908
filename 8909
filename 8910
filename 8911
filename 8912
filename 8913
filename 8914
filename 8915
filename 8916
filename 8917
filename 8918
filename 8919
filename 8920
filename 8921
filename 8922
filename 8923
filename 8924
filename 8925
filename 8926
filename 8927
filename 8928
filename 8929
filename 8930
filename 8931
filename 8932
filename 8933
filename 8934
filename 8935
filename 8936
filename 8937
filename 8938
filename 8939
filename 8940
filename 8941
filename 8942
filename 8943
filename 8944
filename 8945
filename 8946
filename 8947
filename 8948
filename 8949
filename 8950
filename 8951
filename 8952
filename 8953
filename 8954
filename 8955
filename 8956
filename 8957
filename 8958
filename 8959
filename 8960
filename 8961
filename 8962
filename 8963
filename 8964
filename 8965
filename 8966
filename 8967
filename 8968
filename 8969
filename 8970
filename 8971
filename 8972
filename 8973
filename 8974
filename 8975
filename 8976
filename 8977
filename 8978
filename 8979
filename 8980
filename 8981
filename 8982
filename 8983
filename 8984
filename 8985
filename 8986
filename 8987
filename 8988
filename 8989
filename 8990
filename 8991
filename 8992
filename 8993
filename 8994
filename 8995
filename 8996
filename 8997
filename 8998
filename 8999
filename 9000
filename 9001
filename 9002
filename 9003
filename 9004
filename 9005
filename 9006
filename 9007
filename 9008
filename 9009
filename 9010
filename 9011
filename 9012
filename 9013
filename 9014
filename 9015
filename 9016
filename 9017
filename 9018
filename 9019
filename 9020
filename 9021
filename 9022
filename 9023
filename 9024
filename 9025
filename 9026
filename 9027
filename 9028
filename 9029
filename 9030
filename 9031
filename 9032
filename 9033
filename 9034
filename 9035
filename 9036
filename 9037
filename 9038
filename 9039
filename 9040
filename 9041
filename 9042
filename 9043
filename 9044
filename 9045
filename 9046
filename 9047
filename 9048
filename 9049
filename 9050
filename 9051
filename 9052
filename 9053
filename 9054
filename 9055
filename 9056
filename 9057
filename 9058
filename 9059
filename 9060
filename 9061
filename 9062
filename 9063
filename 9064
filename 9065
filename 9066
filename 9067
filename 9068
filename 9069
filename 9070
filename 9071
filename 9072
filename 9073
filename 9074
filename 9075
filename 9076
filename 9077
filename 9078
filename 9079
filename 9080
filename 9081
filename 9082
filename 9083
filename 9084
filename 9085
filename 9086
filename 9087
filename 9088
filename 9089
filename 9090
filename 9091
filename 9092
filename 9093
filename 9094
filename 9095
filename 9096
filename 9097
filename 9098
filename 9099
filename 9100
filename 9101
filename 9102
filename 9103
filename 9104
filename 9105
filename 9106
filename 9107
filename 9108
filename 9109
filename 9110
filename 9111
filename 9112
filename 9113
filename 9114
filename 9115
filename 9116
filename 9117
filename 9118
filename 9119
filename 9120
filename 9121
filename 9122
filename 9123
filename 9124
filename 9125
filename 9126
filename 9127
filename 9128
filename 9129
filename 9130
filename 9131
filename 9132
filename 9133
filename 9134
filename 9135
filename 9136
filename 9137
filename 9138
filename 9139
filename 9140
filename 9141
filename 9142
filename 9143
filename 9144
filename 9145
filename 9146
filename 9147
filename 9148
filename 9149
filename 9150
filename 9151
filename 9152
filename 9153
filename 9154
filename 9155
filename 9156
filename 9157
filename 9158
filename 9159
filename 9160
filename 9161
filename 9162
filename 9163
filename 9164
filename 9165
filename 9166
filename 9167
filename 9168
filename 9169
filename 9170
filename 9171
filename 9172
filename 9173
filename 9174
filename 9175
filename 9176
filename 9177
filename 9178
filename 9179
filename 9180
filename 9181
filename 9182
filename 9183
filename 9184
filename 9185
filename 9186
filename 9187
filename 9188
filename 9189
filename 9190
filename 9191
filename 9192
filename 9193
filename 9194
filename 9195
filename 9196
filename 9197
filename 9198
filename 9199
filename 9200
filename 9201
filename 9202
filename 9203
filename 9204
filename 9205
filename 9206
filename 9207
filename 9208
filename 9209
filename 9210
filename 9211
filename 9212
filename 9213
filename 9214
filename 9215
filename 9216
filename 9217
filename 9218
filename 9219
filename 9220
filename 9221
filename 9222
filename 9223
filename 9224
filename 9225
filename 9226
filename 9227
filename 9228
filename 9229
filename 9230
filename 9231
filename 9232
filename 9233
filename 9234
filename 9235
filename 9236
filename 9237
filename 9238
filename 9239
filename 9240
filename 9241
filename 9242
filename 9243
filename 9244
filename 9245
filename 9246
filename 9247
filename 9248
filename 9249
filename 9250
filename 9251
filename 9252
filename 9253
filename 9254
filename 9255
filename 9256
filename 9257
filename 9258
filename 9259
filename 9260
filename 9261
filename 9262
filename 9263
filename 9264
filename 9265
filename 9266
filename 9267
filename 9268
filename 9269
filename 9270
filename 9271
filename 9272
filename 9273
filename 9274
filename 9275
filename 9276
filename 9277
filename 9278
filename 9279
filename 9280
filename 9281
filename 9282
filename 9283
filename 9284
filename 9285
filename 9286
filename 9287
filename 9288
filename 9289
filename 9290
filename 9291
filename 9292
filename 9293
filename 9294
filename 9295
filename 9296
filename 9297
filename 9298
filename 9299
filename 9300
filename 9301
filename 9302
filename 9303
filename 9304
filename 9305
filename 9306
filename 9307
filename 9308
filename 9309
filename 9310
filename 9311
filename 9312
filename 9313
filename 9314
filename 9315
filename 9316
filename 9317
filename 9318
filename 9319
filename 9320
filename 9321
filename 9322
filename 9323
filename 9324
filename 9325
filename 9326
filename 9327
filename 9328
filename 9329
filename 9330
filename 9331
filename 9332
filename 9333
filename 9334
filename 9335
filename 9336
filename 9337
filename 9338
filename 9339
filename 9340
filename 9341
filename 9342
filename 9343
filename 9344
filename 9345
filename 9346
filename 9347
filename 9348
filename 9349
filename 9350
filename 9351
filename 9352
filename 9353
filename 9354
filename 9355
filename 9356
filename 9357
filename 9358
filename 9359
filename 9360
filename 9361
filename 9362
filename 9363
filename 9364
filename 9365
filename 9366
filename 9367
filename 9368
filename 9369
filename 9370
filename 9371
filename 9372
filename 9373
filename 9374
filename 9375
filename 9376
filename 9377
filename 9378
filename 9379
filename 9380
filename 9381
filename 9382
filename 9383
filename 9384
filename 9385
filename 9386
filename 9387
filename 9388
filename 9389
filename 9390
filename 9391
filename 9392
filename 9393
filename 9394
filename 9395
filename 9396
filename 9397
filename 9398
filename 9399
filename 9400
filename 9401
filename 9402
filename 9403
filename 9404
filename 9405
filename 9406
filename 9407
filename 9408
filename 9409
filename 9410
filename 9411
filename 9412
filename 9413
filename 9414
filename 9415
filename 9416
filename 9417
filename 9418
filename 9419
filename 9420
filename 9421
filename 9422
filename 9423
filename 9424
filename 9425
filename 9426
filename 9427
filename 9428
filename 9429
filename 9430
filename 9431
filename 9432
filename 9433
filename 9434
filename 9435
filename 9436
filename 9437
filename 9438
filename 9439
filename 9440
filename 9441
filename 9442
filename 9443
filename 9444
filename 9445
filename 9446
filename 9447
filename 9448
filename 9449
filename 9450
filename 9451
filename 9452
filename 9453
filename 9454
filename 9455
filename 9456
filename 9457
filename 9458
filename 9459
filename 9460
filename 9461
filename 9462
filename 9463
filename 9464
filename 9465
filename 9466
filename 9467
filename 9468
filename 9469
filename 9470
filename 9471
filename 9472
filename 9473
filename 9474
filename 9475
filename 9476
filename 9477
filename 9478
filename 9479
filename 9480
filename 9481
filename 9482
filename 9483
filename 9484
filename 9485
filename 9486
filename 9487
filename 9488
filename 9489
filename 9490
filename 9491
filename 9492
filename 9493
filename 9494
filename 9495
filename 9496
filename 9497
filename 9498
filename 9499
filename 9500
filename 9501
filename 9502
filename 9503
filename 9504
filename 9505
filename 9506
filename 9507
filename 9508
filename 9509
filename 9510
filename 9511
filename 9512
filename 9513
filename 9514
filename 9515
filename 9516
filename 9517
filename 9518
filename 9519
filename 9520
filename 9521
filename 9522
filename 9523
filename 9524
filename 9525
filename 9526
filename 9527
filename 9528
filename 9529
filename 9530
filename 9531
filename 9532
filename 9533
filename 9534
filename 9535
filename 9536
filename 9537
filename 9538
filename 9539
filename 9540
filename 9541
filename 9542
filename 9543
filename 9544
filename 9545
filename 9546
filename 9547
filename 9548
filename 9549
filename 9550
filename 9551
filename 9552
filename 9553
filename 9554
filename 9555
filename 9556
filename 9557
filename 9558
filename 9559
filename 9560
filename 9561
filename 9562
filename 9563
filename 9564
filename 9565
filename 9566
filename 9567
filename 9568
filename 9569
filename 9570
filename 9571
filename 9572
filename 9573
filename 9574
filename 9575
filename 9576
filename 9577
filename 9578
filename 9579
filename 9580
filename 9581
filename 9582
filename 9583
filename 9584
filename 9585
filename 9586
filename 9587
filename 9588
filename 9589
filename 9590
filename 9591
filename 9592
filename 9593
filename 9594
filename 9595
filename 9596
filename 9597
filename 9598
filename 9599
filename 9600
filename 9601
filename 9602
filename 9603
filename 9604
filename 9605
filename 9606
filename 9607
filename 9608
filename 9609
filename 9610
filename 9611
filename 9612
filename 9613
filename 9614
filename 9615
filename 9616
filename 9617
filename 9618
filename 9619
filename 9620
filename 9621
filename 9622
filename 9623
filename 9624
filename 9625
filename 9626
filename 9627
filename 9628
filename 9629
filename 9630
filename 9631
filename 9632
filename 9633
filename 9634
filename 9635
filename 9636
filename 9637
filename 9638
filename 9639
filename 9640
filename 9641
filename 9642
filename 9643
filename 9644
filename 9645
filename 9646
filename 9647
filename 9648
filename 9649
filename 9650
filename 9651
filename 9652
filename 9653
filename 9654
filename 9655
filename 9656
filename 9657
filename 9658
filename 9659
filename 9660
filename 9661
filename 9662
filename 9663
filename 9664
filename 9665
filename 9666
filename 9667
filename 9668
filename 9669
filename 9670
filename 9671
filename 9672
filename 9673
filename 9674
filename 9675
filename 9676
filename 9677
filename 9678
filename 9679
filename 9680
filename 9681
filename 9682
filename 9683
filename 9684
filename 9685
filename 9686
filename 9687
filename 9688
filename 9689
filename 9690
filename 9691
filename 9692
filename 9693
filename 9694
filename 9695
filename 9696
filename 9697
filename 9698
filename 9699
filename 9700
filename 9701
filename 9702
filename 9703
filename 9704
filename 9705
filename 9706
filename 9707
filename 9708
filename 9709
filename 9710
filename 9711
filename 9712
filename 9713
filename 9714
filename 9715
filename 9716
filename 9717
filename 9718
filename 9719
filename 9720
filename 9721
filename 9722
filename 9723
filename 9724
filename 9725
filename 9726
filename 9727
filename 9728
filename 9729
filename 9730
filename 9731
filename 9732
filename 9733
filename 9734
filename 9735
filename 9736
filename 9737
filename 9738
filename 9739
filename 9740
filename 9741
filename 9742
filename 9743
filename 9744
filename 9745
filename 9746
filename 9747
filename 9748
filename 9749
filename 9750
filename 9751
filename 9752
filename 9753
filename 9754
filename 9755
filename 9756
filename 9757
filename 9758
filename 9759
filename 9760
filename 9761
filename 9762
filename 9763
filename 9764
filename 9765
filename 9766
filename 9767
filename 9768
filename 9769
filename 9770
filename 9771
filename 9772
filename 9773
filename 9774
filename 9775
filename 9776
filename 9777
filename 9778
filename 9779
filename 9780
filename 9781
filename 9782
filename 9783
filename 9784
filename 9785
filename 9786
filename 9787
filename 9788
filename 9789
filename 9790
filename 9791
filename 9792
filename 9793
filename 9794
filename 9795
filename 9796
filename 9797
filename 9798
filename 9799
filename 9800
filename 9801
filename 9802
filename 9803
filename 9804
filename 9805
filename 9806
filename 9807
filename 9808
filename 9809
filename 9810
filename 9811
filename 9812
filename 9813
filename 9814
filename 9815
filename 9816
filename 9817
filename 9818
filename 9819
filename 9820
filename 9821
filename 9822
filename 9823
filename 9824
filename 9825
filename 9826
filename 9827
filename 9828
filename 9829
filename 9830
filename 9831
filename 9832
filename 9833
filename 9834
filename 9835
filename 9836
filename 9837
filename 9838
filename 9839
filename 9840
filename 9841
filename 9842
filename 9843
filename 9844
filename 9845
filename 9846
filename 9847
filename 9848
filename 9849
filename 9850
filename 9851
filename 9852
filename 9853
filename 9854
filename 9855
filename 9856
filename 9857
filename 9858
filename 9859
filename 9860
filename 9861
filename 9862
filename 9863
filename 9864
filename 9865
filename 9866
filename 9867
filename 9868
filename 9869
filename 9870
filename 9871
filename 9872
filename 9873
filename 9874
filename 9875
filename 9876
filename 9877
filename 9878
filename 9879
filename 9880
filename 9881
filename 9882
filename 9883
filename 9884
filename 9885
filename 9886
filename 9887
filename 9888
filename 9889
filename 9890
filename 9891
filename 9892
filename 9893
filename 9894
filename 9895
filename 9896
filename 9897
filename 9898
filename 9899
filename 9900
filename 9901
filename 9902
filename 9903
filename 9904
filename 9905
filename 9906
filename 9907
filename 9908
filename 9909
filename 9910
filename 9911
filename 9912
filename 9913
filename 9914
filename 9915
filename 9916
filename 9917
filename 9918
filename 9919
filename 9920
filename 9921
filename 9922
filename 9923
filename 9924
filename 9925
filename 9926
filename 9927
filename 9928
filename 9929
filename 9930
filename 9931
filename 9932
filename 9933
filename 9934
filename 9935
filename 9936
filename 9937
filename 9938
filename 9939
filename 9940
filename 9941
filename 9942
filename 9943
filename 9944
filename 9945
filename 9946
filename 9947
filename 9948
filename 9949
filename 9950
filename 9951
filename 9952
filename 9953
filename 9954
filename 9955
filename 9956
filename 9957
filename 9958
filename 9959
filename 9960
filename 9961
filename 9962
filename 9963
filename 9964
filename 9965
filename 9966
filename 9967
filename 9968
filename 9969
filename 9970
filename 9971
filename 9972
filename 9973
filename 9974
filename 9975
filename 9976
filename 9977
filename 9978
filename 9979
filename 9980
filename 9981
filename 9982
filename 9983
filename 9984
filename 9985
filename 9986
filename 9987
filename 9988
filename 9989
filename 9990
filename 9991
filename 9992
filename 9993
filename 9994
filename 9995
filename 9996
filename 9997
filename 9998
filename 9999
filename 10000
filename 10001
filename 10002
filename 10003
filename 10004
filename 10005
filename 10006
filename 10007
filename 10008
filename 10009
filename 10010
filename 10011
filename 10012
filename 10013
filename 10014
filename 10015
filename 10016
filename 10017
filename 10018
filename 10019
filename 10020
filename 10021
filename 10022
filename 10023
filename 10024
filename 10025
filename 10026
filename 10027
filename 10028
filename 10029
filename 10030
filename 10031
filename 10032
filename 10033
filename 10034
filename 10035
filename 10036
filename 10037
filename 10038
filename 10039
filename 10040
filename 10041
filename 10042
filename 10043
filename 10044
filename 10045
filename 10046
filename 10047
filename 10048
filename 10049
filename 10050
filename 10051
filename 10052
filename 10053
filename 10054
filename 10055
filename 10056
filename 10057
filename 10058
filename 10059
filename 10060
filename 10061
filename 10062
filename 10063
filename 10064
filename 10065
filename 10066
filename 10067
filename 10068
filename 10069
filename 10070
filename 10071
filename 10072
filename 10073
filename 10074
filename 10075
filename 10076
filename 10077
filename 10078
filename 10079
filename 10080
filename 10081
filename 10082
filename 10083
filename 10084
filename 10085
filename 10086
filename 10087
filename 10088
filename 10089
filename 10090
filename 10091
filename 10092
filename 10093
filename 10094
filename 10095
filename 10096
filename 10097
filename 10098
filename 10099
filename 10100
filename 10101
filename 10102
filename 10103
filename 10104
filename 10105
filename 10106
filename 10107
filename 10108
filename 10109
filename 10110
filename 10111
filename 10112
filename 10113
filename 10114
filename 10115
filename 10116
filename 10117
filename 10118
filename 10119
filename 10120
filename 10121
filename 10122
filename 10123
filename 10124
filename 10125
filename 10126
filename 10127
filename 10128
filename 10129
filename 10130
filename 10131
filename 10132
filename 10133
filename 10134
filename 10135
filename 10136
filename 10137
filename 10138
filename 10139
filename 10140
filename 10141
filename 10142
filename 10143
filename 10144
filename 10145
filename 10146
filename 10147
filename 10148
filename 10149
filename 10150
filename 10151
filename 10152
filename 10153
filename 10154
filename 10155
filename 10156
filename 10157
filename 10158
filename 10159
filename 10160
filename 10161
filename 10162
filename 10163
filename 10164
filename 10165
filename 10166
filename 10167
filename 10168
filename 10169
filename 10170
filename 10171
filename 10172
filename 10173
filename 10174
filename 10175
filename 10176
filename 10177
filename 10178
filename 10179
filename 10180
filename 10181
filename 10182
filename 10183
filename 10184
filename 10185
filename 10186
filename 10187
filename 10188
filename 10189
filename 10190
filename 10191
filename 10192
filename 10193
filename 10194
filename 10195
filename 10196
filename 10197
filename 10198
filename 10199
filename 10200
filename 10201
filename 10202
filename 10203
filename 10204
filename 10205
filename 10206
filename 10207
filename 10208
filename 10209
filename 10210
filename 10211
filename 10212
filename 10213
filename 10214
filename 10215
filename 10216
filename 10217
filename 10218
filename 10219
filename 10220
filename 10221
filename 10222
filename 10223
filename 10224
filename 10225
filename 10226
filename 10227
filename 10228
filename 10229
filename 10230
filename 10231
filename 10232
filename 10233
filename 10234
filename 10235
filename 10236
filename 10237
filename 10238
filename 10239
filename 10240
filename 10241
filename 10242
filename 10243
filename 10244
filename 10245
filename 10246
filename 10247
filename 10248
filename 10249
filename 10250
filename 10251
filename 10252
filename 10253
filename 10254
filename 10255
filename 10256
filename 10257
filename 10258
filename 10259
filename 10260
filename 10261
filename 10262
filename 10263
filename 10264
filename 10265
filename 10266
filename 10267
filename 10268
filename 10269
filename 10270
filename 10271
filename 10272
filename 10273
filename 10274
filename 10275
filename 10276
filename 10277
filename 10278
filename 10279
filename 10280
filename 10281
filename 10282
filename 10283
filename 10284
filename 10285
filename 10286
filename 10287
filename 10288
filename 10289
filename 10290
filename 10291
filename 10292
filename 10293
filename 10294
filename 10295
filename 10296
filename 10297
filename 10298
filename 10299
filename 10300
filename 10301
filename 10302
filename 10303
filename 10304
filename 10305
filename 10306
filename 10307
filename 10308
filename 10309
filename 10310
filename 10311
filename 10312
filename 10313
filename 10314
filename 10315
filename 10316
filename 10317
filename 10318
filename 10319
filename 10320
filename 10321
filename 10322
filename 10323
filename 10324
filename 10325
filename 10326
filename 10327
filename 10328
filename 10329
filename 10330
filename 10331
filename 10332
filename 10333
filename 10334
filename 10335
filename 10336
filename 10337
filename 10338
filename 10339
filename 10340
filename 10341
filename 10342
filename 10343
filename 10344
filename 10345
filename 10346
filename 10347
filename 10348
filename 10349
filename 10350
filename 10351
filename 10352
filename 10353
filename 10354
filename 10355
filename 10356
filename 10357
filename 10358
filename 10359
filename 10360
filename 10361
filename 10362
filename 10363
filename 10364
filename 10365
filename 10366
filename 10367
filename 10368
filename 10369
filename 10370
filename 10371
filename 10372
filename 10373
filename 10374
filename 10375
filename 10376
filename 10377
filename 10378
filename 10379
filename 10380
filename 10381
filename 10382
filename 10383
filename 10384
filename 10385
filename 10386
filename 10387
filename 10388
filename 10389
filename 10390
filename 10391
filename 10392
filename 10393
filename 10394
filename 10395
filename 10396
filename 10397
filename 10398
filename 10399
filename 10400
filename 10401
filename 10402
filename 10403
filename 10404
filename 10405
filename 10406
filename 10407
filename 10408
filename 10409
filename 10410
filename 10411
filename 10412
filename 10413
filename 10414
filename 10415
filename 10416
filename 10417
filename 10418
filename 10419
filename 10420
filename 10421
filename 10422
filename 10423
filename 10424
filename 10425
filename 10426
filename 10427
filename 10428
filename 10429
filename 10430
filename 10431
filename 10432
filename 10433
filename 10434
filename 10435
filename 10436
filename 10437
filename 10438
filename 10439
filename 10440
filename 10441
filename 10442
filename 10443
filename 10444
filename 10445
filename 10446
filename 10447
filename 10448
filename 10449
filename 10450
filename 10451
filename 10452
filename 10453
filename 10454
filename 10455
filename 10456
filename 10457
filename 10458
filename 10459
filename 10460
filename 10461
filename 10462
filename 10463
filename 10464
filename 10465
filename 10466
filename 10467
filename 10468
filename 10469
filename 10470
filename 10471
filename 10472
filename 10473
filename 10474
filename 10475
filename 10476
filename 10477
filename 10478
filename 10479
filename 10480
filename 10481
filename 10482
filename 10483
filename 10484
filename 10485
filename 10486
filename 10487
filename 10488
filename 10489
filename 10490
filename 10491
filename 10492
filename 10493
filename 10494
filename 10495
filename 10496
filename 10497
filename 10498
filename 10499
filename 10500
filename 10501
filename 10502
filename 10503
filename 10504
filename 10505
filename 10506
filename 10507
filename 10508
filename 10509
filename 10510
filename 10511
filename 10512
filename 10513
filename 10514
filename 10515
filename 10516
filename 10517
filename 10518
filename 10519
filename 10520
filename 10521
filename 10522
filename 10523
filename 10524
filename 10525
filename 10526
filename 10527
filename 10528
filename 10529
filename 10530
filename 10531
filename 10532
filename 10533
filename 10534
filename 10535
filename 10536
filename 10537
filename 10538
filename 10539
filename 10540
filename 10541
filename 10542
filename 10543
filename 10544
filename 10545
filename 10546
filename 10547
filename 10548
filename 10549
filename 10550
filename 10551
filename 10552
filename 10553
filename 10554
filename 10555
filename 10556
filename 10557
filename 10558
filename 10559
filename 10560
filename 10561
filename 10562
filename 10563
filename 10564
filename 10565
filename 10566
filename 10567
filename 10568
filename 10569
filename 10570
filename 10571
filename 10572
filename 10573
filename 10574
filename 10575
filename 10576
filename 10577
filename 10578
filename 10579
filename 10580
filename 10581
filename 10582
filename 10583
filename 10584
filename 10585
filename 10586
filename 10587
filename 10588
filename 10589
filename 10590
filename 10591
filename 10592
filename 10593
filename 10594
filename 10595
filename 10596
filename 10597
filename 10598
filename 10599
filename 10600
filename 10601
filename 10602
filename 10603
filename 10604
filename 10605
filename 10606
filename 10607
filename 10608
filename 10609
filename 10610
filename 10611
filename 10612
filename 10613
filename 10614
filename 10615
filename 10616
filename 10617
filename 10618
filename 10619
filename 10620
filename 10621
filename 10622
filename 10623
filename 10624
filename 10625
filename 10626
filename 10627
filename 10628
filename 10629
filename 10630
filename 10631
filename 10632
filename 10633
filename 10634
filename 10635
filename 10636
filename 10637
filename 10638
filename 10639
filename 10640
filename 10641
filename 10642
filename 10643
filename 10644
filename 10645
filename 10646
filename 10647
filename 10648
filename 10649
filename 10650
filename 10651
filename 10652
filename 10653
filename 10654
filename 10655
filename 10656
filename 10657
filename 10658
filename 10659
filename 10660
filename 10661
filename 10662
filename 10663
filename 10664
filename 10665
filename 10666
filename 10667
filename 10668
filename 10669
filename 10670
filename 10671
filename 10672
filename 10673
filename 10674
filename 10675
filename 10676
filename 10677
filename 10678
filename 10679
filename 10680
filename 10681
filename 10682
filename 10683
filename 10684
filename 10685
filename 10686
filename 10687
filename 10688
filename 10689
filename 10690
filename 10691
filename 10692
filename 10693
filename 10694
filename 10695
filename 10696
filename 10697
filename 10698
filename 10699
filename 10700
filename 10701
filename 10702
filename 10703
filename 10704
filename 10705
filename 10706
filename 10707
filename 10708
filename 10709
filename 10710
filename 10711
filename 10712
filename 10713
filename 10714
filename 10715
filename 10716
filename 10717
filename 10718
filename 10719
filename 10720
filename 10721
filename 10722
filename 10723
filename 10724
filename 10725
filename 10726
filename 10727
filename 10728
filename 10729
filename 10730
filename 10731
filename 10732
filename 10733
filename 10734
filename 10735
filename 10736
filename 10737
filename 10738
filename 10739
filename 10740
filename 10741
filename 10742
filename 10743
filename 10744
filename 10745
filename 10746
filename 10747
filename 10748
filename 10749
filename 10750
filename 10751
filename 10752
filename 10753
filename 10754
filename 10755
filename 10756
filename 10757
filename 10758
filename 10759
filename 10760
filename 10761
filename 10762
filename 10763
filename 10764
filename 10765
filename 10766
filename 10767
filename 10768
filename 10769
filename 10770
filename 10771
filename 10772
filename 10773
filename 10774
filename 10775
filename 10776
filename 10777
filename 10778
filename 10779
filename 10780
filename 10781
filename 10782
filename 10783
filename 10784
filename 10785
filename 10786
filename 10787
filename 10788
filename 10789
filename 10790
filename 10791
filename 10792
filename 10793
filename 10794
filename 10795
filename 10796
filename 10797
filename 10798
filename 10799
filename 10800
filename 10801
filename 10802
filename 10803
filename 10804
filename 10805
filename 10806
filename 10807
filename 10808
filename 10809
filename 10810
filename 10811
filename 10812
filename 10813
filename 10814
filename 10815
filename 10816
filename 10817
filename 10818
filename 10819
filename 10820
filename 10821
filename 10822
filename 10823
filename 10824
filename 10825
filename 10826
filename 10827
filename 10828
filename 10829
filename 10830
filename 10831
filename 10832
filename 10833
filename 10834
filename 10835
filename 10836
filename 10837
filename 10838
filename 10839
filename 10840
filename 10841
filename 10842
filename 10843
filename 10844
filename 10845
filename 10846
filename 10847
filename 10848
filename 10849
filename 10850
filename 10851
filename 10852
filename 10853
filename 10854
filename 10855
filename 10856
filename 10857
filename 10858
filename 10859
filename 10860
filename 10861
filename 10862
filename 10863
filename 10864
filename 10865
filename 10866
filename 10867
filename 10868
filename 10869
filename 10870
filename 10871
filename 10872
filename 10873
filename 10874
filename 10875
filename 10876
filename 10877
filename 10878
filename 10879
filename 10880
filename 10881
filename 10882
filename 10883
filename 10884
filename 10885
filename 10886
filename 10887
filename 10888
filename 10889
filename 10890
filename 10891
filename 10892
filename 10893
filename 10894
filename 10895
filename 10896
filename 10897
filename 10898
filename 10899
filename 10900
filename 10901
filename 10902
filename 10903
filename 10904
filename 10905
filename 10906
filename 10907
filename 10908
filename 10909
filename 10910
filename 10911
filename 10912
filename 10913
filename 10914
filename 10915
filename 10916
filename 10917
filename 10918
filename 10919
filename 10920
filename 10921
filename 10922
filename 10923
filename 10924
filename 10925
filename 10926
filename 10927
filename 10928
filename 10929
filename 10930
filename 10931
filename 10932
filename 10933
filename 10934
filename 10935
filename 10936
filename 10937
filename 10938
filename 10939
filename 10940
filename 10941
filename 10942
filename 10943
filename 10944
filename 10945
filename 10946
filename 10947
filename 10948
filename 10949
filename 10950
filename 10951
filename 10952
filename 10953
filename 10954
filename 10955
filename 10956
filename 10957
filename 10958
filename 10959
filename 10960
filename 10961
filename 10962
filename 10963
filename 10964
filename 10965
filename 10966
filename 10967
filename 10968
filename 10969
filename 10970
filename 10971
filename 10972
filename 10973
filename 10974
filename 10975
filename 10976
filename 10977
filename 10978
filename 10979
filename 10980
filename 10981
filename 10982
filename 10983
filename 10984
filename 10985
filename 10986
filename 10987
filename 10988
filename 10989
filename 10990
filename 10991
filename 10992
filename 10993
filename 10994
filename 10995
filename 10996
filename 10997
filename 10998
filename 10999
filename 11000
filename 11001
filename 11002
filename 11003
filename 11004
filename 11005
filename 11006
filename 11007
filename 11008
filename 11009
filename 11010
filename 11011
filename 11012
filename 11013
filename 11014
filename 11015
filename 11016
filename 11017
filename 11018
filename 11019
filename 11020
filename 11021
filename 11022
filename 11023
filename 11024
filename 11025
filename 11026
filename 11027
filename 11028
filename 11029
filename 11030
filename 11031
filename 11032
filename 11033
filename 11034
filename 11035
filename 11036
filename 11037
filename 11038
filename 11039
filename 11040
filename 11041
filename 11042
filename 11043
filename 11044
filename 11045
filename 11046
filename 11047
filename 11048
filename 11049
filename 11050
filename 11051
filename 11052
filename 11053
filename 11054
filename 11055
filename 11056
filename 11057
filename 11058
filename 11059
filename 11060
filename 11061
filename 11062
filename 11063
filename 11064
filename 11065
filename 11066
filename 11067
filename 11068
filename 11069
filename 11070
filename 11071
filename 11072
filename 11073
filename 11074
filename 11075
filename 11076
filename 11077
filename 11078
filename 11079
filename 11080
filename 11081
filename 11082
filename 11083
filename 11084
filename 11085
filename 11086
filename 11087
filename 11088
filename 11089
filename 11090
filename 11091
filename 11092
filename 11093
filename 11094
filename 11095
filename 11096
filename 11097
filename 11098
filename 11099
filename 11100
filename 11101
filename 11102
filename 11103
filename 11104
filename 11105
filename 11106
filename 11107
filename 11108
filename 11109
filename 11110
filename 11111
filename 11112
filename 11113
filename 11114
filename 11115
filename 11116
filename 11117
filename 11118
filename 11119
filename 11120
filename 11121
filename 11122
filename 11123
filename 11124
filename 11125
filename 11126
filename 11127
filename 11128
filename 11129
filename 11130
filename 11131
filename 11132
filename 11133
filename 11134
filename 11135
filename 11136
filename 11137
filename 11138
filename 11139
filename 11140
filename 11141
filename 11142
filename 11143
filename 11144
filename 11145
filename 11146
filename 11147
filename 11148
filename 11149
filename 11150
filename 11151
filename 11152
filename 11153
filename 11154
filename 11155
filename 11156
filename 11157
filename 11158
filename 11159
filename 11160
filename 11161
filename 11162
filename 11163
filename 11164
filename 11165
filename 11166
filename 11167
filename 11168
filename 11169
filename 11170
filename 11171
filename 11172
filename 11173
filename 11174
filename 11175
filename 11176
filename 11177
filename 11178
filename 11179
filename 11180
filename 11181
filename 11182
filename 11183
filename 11184
filename 11185
filename 11186
filename 11187
filename 11188
filename 11189
filename 11190
filename 11191
filename 11192
filename 11193
filename 11194
filename 11195
filename 11196
filename 11197
filename 11198
filename 11199
filename 11200
filename 11201
filename 11202
filename 11203
filename 11204
filename 11205
filename 11206
filename 11207
filename 11208
filename 11209
filename 11210
filename 11211
filename 11212
filename 11213
filename 11214
filename 11215
filename 11216
filename 11217
filename 11218
filename 11219
filename 11220
filename 11221
filename 11222
filename 11223
filename 11224
filename 11225
filename 11226
filename 11227
filename 11228
filename 11229
filename 11230
filename 11231
filename 11232
filename 11233
filename 11234
filename 11235
filename 11236
filename 11237
filename 11238
filename 11239
filename 11240
filename 11241
filename 11242
filename 11243
filename 11244
filename 11245
filename 11246
filename 11247
filename 11248
filename 11249
filename 11250
filename 11251
filename 11252
filename 11253
filename 11254
filename 11255
filename 11256
filename 11257
filename 11258
filename 11259
filename 11260
filename 11261
filename 11262
filename 11263
filename 11264
filename 11265
filename 11266
filename 11267
filename 11268
filename 11269
filename 11270
filename 11271
filename 11272
filename 11273
filename 11274
filename 11275
filename 11276
filename 11277
filename 11278
filename 11279
filename 11280
filename 11281
filename 11282
filename 11283
filename 11284
filename 11285
filename 11286
filename 11287
filename 11288
filename 11289
filename 11290
filename 11291
filename 11292
filename 11293
filename 11294
filename 11295
filename 11296
filename 11297
filename 11298
filename 11299
filename 11300
filename 11301
filename 11302
filename 11303
filename 11304
filename 11305
filename 11306
filename 11307
filename 11308
filename 11309
filename 11310
filename 11311
filename 11312
filename 11313
filename 11314
filename 11315
filename 11316
filename 11317
filename 11318
filename 11319
filename 11320
filename 11321
filename 11322
filename 11323
filename 11324
filename 11325
filename 11326
filename 11327
filename 11328
filename 11329
filename 11330
filename 11331
filename 11332
filename 11333
filename 11334
filename 11335
filename 11336
filename 11337
filename 11338
filename 11339
filename 11340
filename 11341
filename 11342
filename 11343
filename 11344
filename 11345
filename 11346
filename 11347
filename 11348
filename 11349
filename 11350
filename 11351
filename 11352
filename 11353
filename 11354
filename 11355
filename 11356
filename 11357
filename 11358
filename 11359
filename 11360
filename 11361
filename 11362
filename 11363
filename 11364
filename 11365
filename 11366
filename 11367
filename 11368
filename 11369
filename 11370
filename 11371
filename 11372
filename 11373
filename 11374
filename 11375
filename 11376
filename 11377
filename 11378
filename 11379
filename 11380
filename 11381
filename 11382
filename 11383
filename 11384
filename 11385
filename 11386
filename 11387
filename 11388
filename 11389
filename 11390
filename 11391
filename 11392
filename 11393
filename 11394
filename 11395
filename 11396
filename 11397
filename 11398
filename 11399
filename 11400
filename 11401
filename 11402
filename 11403
filename 11404
filename 11405
filename 11406
filename 11407
filename 11408
filename 11409
filename 11410
filename 11411
filename 11412
filename 11413
filename 11414
filename 11415
filename 11416
filename 11417
filename 11418
filename 11419
filename 11420
filename 11421
filename 11422
filename 11423
filename 11424
filename 11425
filename 11426
filename 11427
filename 11428
filename 11429
filename 11430
filename 11431
filename 11432
filename 11433
filename 11434
filename 11435
filename 11436
filename 11437
filename 11438
filename 11439
filename 11440
filename 11441
filename 11442
filename 11443
filename 11444
filename 11445
filename 11446
filename 11447
filename 11448
filename 11449
filename 11450
filename 11451
filename 11452
filename 11453
filename 11454
filename 11455
filename 11456
filename 11457
filename 11458
filename 11459
filename 11460
filename 11461
filename 11462
filename 11463
filename 11464
filename 11465
filename 11466
filename 11467
filename 11468
filename 11469
filename 11470
filename 11471
filename 11472
filename 11473
filename 11474
filename 11475
filename 11476
filename 11477
filename 11478
filename 11479
filename 11480
filename 11481
filename 11482
filename 11483
filename 11484
filename 11485
filename 11486
filename 11487
filename 11488
filename 11489
filename 11490
filename 11491
filename 11492
filename 11493
filename 11494
filename 11495
filename 11496
filename 11497
